\BOOKMARK [0][]{chapter.1}{Introdu\347\343o}{}% 1
\BOOKMARK [0][]{chapter.2}{Fundamentos}{}% 2
\BOOKMARK [1][]{section.2.1}{Redes neurais}{chapter.2}% 3
\BOOKMARK [1][]{section.2.2}{Aprendizado profundo}{chapter.2}% 4
\BOOKMARK [1][]{section.2.3}{Redes neurais convolucionais}{chapter.2}% 5
\BOOKMARK [1][]{section.2.4}{Processo de Decis\343o de Markov}{chapter.2}% 6
\BOOKMARK [1][]{section.2.5}{Aprendizado por refor\347o}{chapter.2}% 7
\BOOKMARK [1][]{section.2.6}{Q-Learning}{chapter.2}% 8
\BOOKMARK [1][]{section.2.7}{Approximate Q-Learning}{chapter.2}% 9
\BOOKMARK [1][]{section.2.8}{Deep Q-Learning}{chapter.2}% 10
\BOOKMARK [1][]{section.2.9}{Aprimorando o aprendizado}{chapter.2}% 11
\BOOKMARK [2][]{subsection.2.9.1}{Experience replay}{section.2.9}% 12
\BOOKMARK [2][]{subsection.2.9.2}{Alvo fixo}{section.2.9}% 13
\BOOKMARK [0][]{chapter.3}{Implementa\347\343o}{}% 14
\BOOKMARK [1][]{section.3.1}{Ambientes}{chapter.3}% 15
\BOOKMARK [2][]{subsection.3.1.1}{Gridworld}{section.3.1}% 16
\BOOKMARK [2][]{subsection.3.1.2}{Pong}{section.3.1}% 17
\BOOKMARK [2][]{subsection.3.1.3}{Asteroids}{section.3.1}% 18
\BOOKMARK [1][]{section.3.2}{Arquiteturas das redes}{chapter.3}% 19
\BOOKMARK [2][]{subsection.3.2.1}{Gridworld}{section.3.2}% 20
\BOOKMARK [2][]{subsection.3.2.2}{Pong}{section.3.2}% 21
\BOOKMARK [2][]{subsection.3.2.3}{Asteroids}{section.3.2}% 22
\BOOKMARK [1][]{section.3.3}{Experimentos}{chapter.3}% 23
\BOOKMARK [2][]{subsection.3.3.1}{Gridworld}{section.3.3}% 24
\BOOKMARK [2][]{subsection.3.3.2}{Pong}{section.3.3}% 25
\BOOKMARK [2][]{subsection.3.3.3}{Asteroids}{section.3.3}% 26
\BOOKMARK [2][]{subsection.3.3.4}{Pseudoc\363digo}{section.3.3}% 27
\BOOKMARK [0][]{chapter.4}{Resultados}{}% 28
\BOOKMARK [1][]{section.4.1}{Gridworld}{chapter.4}% 29
\BOOKMARK [1][]{section.4.2}{Pong}{chapter.4}% 30
\BOOKMARK [1][]{section.4.3}{Asteroids}{chapter.4}% 31
\BOOKMARK [0][]{chapter.5}{Conclus\343o}{}% 32
\BOOKMARK [0][]{appendix*.13}{Refer\352ncias Bibliogr\341ficas}{}% 33
